[debug] [2025-07-03T18:12:41.373Z] ----------------------------------------------------------------------
[debug] [2025-07-03T18:12:41.376Z] Command:       C:\Program Files\nodejs\node.exe C:\Users\Elvis\AppData\Roaming\npm\node_modules\firebase-tools\lib\bin\firebase.js init
[debug] [2025-07-03T18:12:41.377Z] CLI Version:   14.9.0
[debug] [2025-07-03T18:12:41.377Z] Platform:      win32
[debug] [2025-07-03T18:12:41.377Z] Node Version:  v22.15.0
[debug] [2025-07-03T18:12:41.378Z] Time:          Thu Jul 03 2025 23:42:41 GMT+0530 (India Standard Time)
[debug] [2025-07-03T18:12:41.378Z] ----------------------------------------------------------------------
[debug] 
[debug] [2025-07-03T18:12:41.384Z] > command requires scopes: ["email","openid","https://www.googleapis.com/auth/cloudplatformprojects.readonly","https://www.googleapis.com/auth/firebase","https://www.googleapis.com/auth/cloud-platform"]
[debug] [2025-07-03T18:12:41.385Z] > authorizing via signed-in user (kotadiyaelvis@gmail.com)
[info] 
     ######## #### ########  ######## ########     ###     ######  ########
     ##        ##  ##     ## ##       ##     ##  ##   ##  ##       ##
     ######    ##  ########  ######   ########  #########  ######  ######
     ##        ##  ##    ##  ##       ##     ## ##     ##       ## ##
     ##       #### ##     ## ######## ########  ##     ##  ######  ########

You're about to initialize a Firebase project in this directory:

  C:\Users\Elvis\OneDrive\Desktop\dine-time-master

[info] 
=== Project Setup
[info] 
[info] First, let's associate this project directory with a Firebase project.
[info] You can create multiple project aliases by running firebase use --add, 
[info] but for now we'll just set up a default project.
[info] 
[debug] [2025-07-03T18:13:06.007Z] ExitPromptError: User force closed the prompt with SIGINT
    at Interface.sigint (C:\Users\Elvis\AppData\Roaming\npm\node_modules\firebase-tools\node_modules\@inquirer\core\dist\commonjs\lib\create-prompt.js:101:37)
    at Interface.emit (node:events:518:28)
    at Interface.emit (node:domain:489:12)
    at [_ttyWrite] [as _ttyWrite] (node:internal/readline/interface:1128:18)
    at ReadStream.onkeypress (node:internal/readline/interface:267:20)
    at ReadStream.emit (node:events:530:35)
    at ReadStream.emit (node:domain:489:12)
    at emitKeys (node:internal/readline/utils:370:14)
    at emitKeys.next (<anonymous>)
    at ReadStream.onData (node:internal/readline/emitKeypressEvents:64:36)
[error] 
[error] Error: An unexpected error has occurred.
